<?xml version="1.0" encoding="UTF-8"?>
<!-- Generated by org.testng.reporters.JUnitReportReporter -->
<testsuite hostname="IN-V5J7JKQLXQ" failures="0" tests="1" name="amazonTesting.AmazonHomePageTesting" time="5.011" errors="0" timestamp="14 Mar 2024 09:02:08 GMT" skipped="0">
  <testcase classname="amazonTesting.AmazonHomePageTesting" name="verifyHomePage" time="5.011"/>
</testsuite> <!-- amazonTesting.AmazonHomePageTesting -->
