<?xml version="1.0" encoding="UTF-8"?>
<!-- Generated by org.testng.reporters.JUnitReportReporter -->
<testsuite hostname="IN-V5J7JKQLXQ" failures="0" tests="1" name="amazonTesting.AmazonHomePageTesting" time="1.491" errors="0" timestamp="14 Mar 2024 09:24:39 GMT" skipped="0">
  <testcase classname="amazonTesting.AmazonHomePageTesting" name="verifyHomePage" time="1.491"/>
</testsuite> <!-- amazonTesting.AmazonHomePageTesting -->
