<?xml version="1.0" encoding="UTF-8"?>
<!-- Generated by org.testng.reporters.JUnitReportReporter -->
<testsuite hostname="IN-V5J7JKQLXQ" failures="0" tests="1" name="googleTesting.GoogleSearchTest" time="0.223" errors="0" timestamp="14 Mar 2024 09:04:48 GMT" skipped="0">
  <testcase classname="googleTesting.GoogleSearchTest" name="verifySearch" time="0.223"/>
</testsuite> <!-- googleTesting.GoogleSearchTest -->
